[11-Oct-2023 01:37:51 UTC] PHP Parse error:  syntax error, unexpected end of file, expecting variable or "${" or "{$" in /var/www/html/wp-content/themes/conexa/comporate.php on line 63
[11-Oct-2023 12:56:52 UTC] PHP Fatal error:  Uncaught Error: Call to undefined function jon_encode() in /var/www/html/wp-content/themes/conexa/comporate.php:181
Stack trace:
#0 /var/www/html/wp-includes/template-loader.php(106): include()
#1 /var/www/html/wp-blog-header.php(19): require_once('/var/www/html/w...')
#2 /var/www/html/index.php(17): require('/var/www/html/w...')
#3 {main}
  thrown in /var/www/html/wp-content/themes/conexa/comporate.php on line 181
[11-Oct-2023 13:05:10 UTC] PHP Warning:  Undefined array key "text" in /var/www/html/wp-content/themes/conexa/comporate.php on line 194
[11-Oct-2023 13:05:10 UTC] PHP Warning:  Undefined array key "text" in /var/www/html/wp-content/themes/conexa/comporate.php on line 194
[11-Oct-2023 13:05:10 UTC] PHP Warning:  Undefined array key "text" in /var/www/html/wp-content/themes/conexa/comporate.php on line 194
[15-Oct-2023 00:26:43 UTC] PHP Parse error:  syntax error, unexpected variable "$i", expecting ";" in /var/www/html/wp-content/themes/conexa/comporate.php on line 219
[15-Oct-2023 00:26:49 UTC] PHP Warning:  Undefined variable $i in /var/www/html/wp-content/themes/conexa/comporate.php on line 219
[15-Oct-2023 00:26:49 UTC] PHP Warning:  Undefined variable $i in /var/www/html/wp-content/themes/conexa/comporate.php on line 219
[15-Oct-2023 00:27:28 UTC] PHP Warning:  Undefined variable $i in /var/www/html/wp-content/themes/conexa/comporate.php on line 219
[15-Oct-2023 00:27:28 UTC] PHP Warning:  Undefined variable $i in /var/www/html/wp-content/themes/conexa/comporate.php on line 219
[15-Oct-2023 00:27:57 UTC] PHP Warning:  Undefined variable $i in /var/www/html/wp-content/themes/conexa/comporate.php on line 219
[15-Oct-2023 00:27:57 UTC] PHP Warning:  Undefined variable $i in /var/www/html/wp-content/themes/conexa/comporate.php on line 219
[15-Oct-2023 02:04:02 UTC] PHP Warning:  Undefined array key "photo" in /var/www/html/wp-content/themes/conexa/comporate.php on line 281
[15-Oct-2023 02:04:02 UTC] PHP Warning:  Undefined array key "name" in /var/www/html/wp-content/themes/conexa/comporate.php on line 285
[15-Oct-2023 02:04:02 UTC] PHP Warning:  Undefined array key "profession" in /var/www/html/wp-content/themes/conexa/comporate.php on line 286
[15-Oct-2023 02:04:02 UTC] PHP Warning:  Undefined array key "company" in /var/www/html/wp-content/themes/conexa/comporate.php on line 289
[15-Oct-2023 02:04:02 UTC] PHP Warning:  Undefined array key "content" in /var/www/html/wp-content/themes/conexa/comporate.php on line 293
[15-Oct-2023 02:04:02 UTC] PHP Warning:  Undefined array key "photo" in /var/www/html/wp-content/themes/conexa/comporate.php on line 281
[15-Oct-2023 02:04:02 UTC] PHP Warning:  Undefined array key "name" in /var/www/html/wp-content/themes/conexa/comporate.php on line 285
[15-Oct-2023 02:04:02 UTC] PHP Warning:  Undefined array key "profession" in /var/www/html/wp-content/themes/conexa/comporate.php on line 286
[15-Oct-2023 02:04:02 UTC] PHP Warning:  Undefined array key "company" in /var/www/html/wp-content/themes/conexa/comporate.php on line 289
[15-Oct-2023 02:04:02 UTC] PHP Warning:  Undefined array key "content" in /var/www/html/wp-content/themes/conexa/comporate.php on line 293
[15-Oct-2023 02:04:02 UTC] PHP Warning:  Undefined array key "photo" in /var/www/html/wp-content/themes/conexa/comporate.php on line 281
[15-Oct-2023 02:04:02 UTC] PHP Warning:  Undefined array key "name" in /var/www/html/wp-content/themes/conexa/comporate.php on line 285
[15-Oct-2023 02:04:02 UTC] PHP Warning:  Undefined array key "profession" in /var/www/html/wp-content/themes/conexa/comporate.php on line 286
[15-Oct-2023 02:04:02 UTC] PHP Warning:  Undefined array key "company" in /var/www/html/wp-content/themes/conexa/comporate.php on line 289
[15-Oct-2023 02:04:02 UTC] PHP Warning:  Undefined array key "content" in /var/www/html/wp-content/themes/conexa/comporate.php on line 293
[15-Oct-2023 02:04:02 UTC] PHP Warning:  Undefined array key "photo" in /var/www/html/wp-content/themes/conexa/comporate.php on line 281
[15-Oct-2023 02:04:02 UTC] PHP Warning:  Undefined array key "name" in /var/www/html/wp-content/themes/conexa/comporate.php on line 285
[15-Oct-2023 02:04:02 UTC] PHP Warning:  Undefined array key "profession" in /var/www/html/wp-content/themes/conexa/comporate.php on line 286
[15-Oct-2023 02:04:02 UTC] PHP Warning:  Undefined array key "company" in /var/www/html/wp-content/themes/conexa/comporate.php on line 289
[15-Oct-2023 02:04:02 UTC] PHP Warning:  Undefined array key "content" in /var/www/html/wp-content/themes/conexa/comporate.php on line 293
[15-Oct-2023 02:04:02 UTC] PHP Warning:  Undefined array key "photo" in /var/www/html/wp-content/themes/conexa/comporate.php on line 281
[15-Oct-2023 02:04:02 UTC] PHP Warning:  Undefined array key "name" in /var/www/html/wp-content/themes/conexa/comporate.php on line 285
[15-Oct-2023 02:04:02 UTC] PHP Warning:  Undefined array key "profession" in /var/www/html/wp-content/themes/conexa/comporate.php on line 286
[15-Oct-2023 02:04:02 UTC] PHP Warning:  Undefined array key "company" in /var/www/html/wp-content/themes/conexa/comporate.php on line 289
[15-Oct-2023 02:04:02 UTC] PHP Warning:  Undefined array key "content" in /var/www/html/wp-content/themes/conexa/comporate.php on line 293
[15-Oct-2023 02:04:48 UTC] PHP Warning:  Undefined array key "photo" in /var/www/html/wp-content/themes/conexa/comporate.php on line 281
[15-Oct-2023 02:04:48 UTC] PHP Warning:  Undefined array key "name" in /var/www/html/wp-content/themes/conexa/comporate.php on line 285
[15-Oct-2023 02:04:48 UTC] PHP Warning:  Undefined array key "profession" in /var/www/html/wp-content/themes/conexa/comporate.php on line 286
[15-Oct-2023 02:04:48 UTC] PHP Warning:  Undefined array key "company" in /var/www/html/wp-content/themes/conexa/comporate.php on line 289
[15-Oct-2023 02:04:48 UTC] PHP Warning:  Undefined array key "content" in /var/www/html/wp-content/themes/conexa/comporate.php on line 293
[15-Oct-2023 02:04:48 UTC] PHP Warning:  Undefined array key "photo" in /var/www/html/wp-content/themes/conexa/comporate.php on line 281
[15-Oct-2023 02:04:48 UTC] PHP Warning:  Undefined array key "name" in /var/www/html/wp-content/themes/conexa/comporate.php on line 285
[15-Oct-2023 02:04:48 UTC] PHP Warning:  Undefined array key "profession" in /var/www/html/wp-content/themes/conexa/comporate.php on line 286
[15-Oct-2023 02:04:48 UTC] PHP Warning:  Undefined array key "company" in /var/www/html/wp-content/themes/conexa/comporate.php on line 289
[15-Oct-2023 02:04:48 UTC] PHP Warning:  Undefined array key "content" in /var/www/html/wp-content/themes/conexa/comporate.php on line 293
[15-Oct-2023 02:04:48 UTC] PHP Warning:  Undefined array key "photo" in /var/www/html/wp-content/themes/conexa/comporate.php on line 281
[15-Oct-2023 02:04:48 UTC] PHP Warning:  Undefined array key "name" in /var/www/html/wp-content/themes/conexa/comporate.php on line 285
[15-Oct-2023 02:04:48 UTC] PHP Warning:  Undefined array key "profession" in /var/www/html/wp-content/themes/conexa/comporate.php on line 286
[15-Oct-2023 02:04:48 UTC] PHP Warning:  Undefined array key "company" in /var/www/html/wp-content/themes/conexa/comporate.php on line 289
[15-Oct-2023 02:04:48 UTC] PHP Warning:  Undefined array key "content" in /var/www/html/wp-content/themes/conexa/comporate.php on line 293
[15-Oct-2023 02:04:48 UTC] PHP Warning:  Undefined array key "photo" in /var/www/html/wp-content/themes/conexa/comporate.php on line 281
[15-Oct-2023 02:04:48 UTC] PHP Warning:  Undefined array key "name" in /var/www/html/wp-content/themes/conexa/comporate.php on line 285
[15-Oct-2023 02:04:48 UTC] PHP Warning:  Undefined array key "profession" in /var/www/html/wp-content/themes/conexa/comporate.php on line 286
[15-Oct-2023 02:04:48 UTC] PHP Warning:  Undefined array key "company" in /var/www/html/wp-content/themes/conexa/comporate.php on line 289
[15-Oct-2023 02:04:48 UTC] PHP Warning:  Undefined array key "content" in /var/www/html/wp-content/themes/conexa/comporate.php on line 293
[15-Oct-2023 02:04:48 UTC] PHP Warning:  Undefined array key "photo" in /var/www/html/wp-content/themes/conexa/comporate.php on line 281
[15-Oct-2023 02:04:48 UTC] PHP Warning:  Undefined array key "name" in /var/www/html/wp-content/themes/conexa/comporate.php on line 285
[15-Oct-2023 02:04:48 UTC] PHP Warning:  Undefined array key "profession" in /var/www/html/wp-content/themes/conexa/comporate.php on line 286
[15-Oct-2023 02:04:48 UTC] PHP Warning:  Undefined array key "company" in /var/www/html/wp-content/themes/conexa/comporate.php on line 289
[15-Oct-2023 02:04:48 UTC] PHP Warning:  Undefined array key "content" in /var/www/html/wp-content/themes/conexa/comporate.php on line 293
[15-Oct-2023 02:04:51 UTC] PHP Warning:  Undefined array key "photo" in /var/www/html/wp-content/themes/conexa/comporate.php on line 281
[15-Oct-2023 02:04:51 UTC] PHP Warning:  Undefined array key "name" in /var/www/html/wp-content/themes/conexa/comporate.php on line 285
[15-Oct-2023 02:04:51 UTC] PHP Warning:  Undefined array key "profession" in /var/www/html/wp-content/themes/conexa/comporate.php on line 286
[15-Oct-2023 02:04:51 UTC] PHP Warning:  Undefined array key "company" in /var/www/html/wp-content/themes/conexa/comporate.php on line 289
[15-Oct-2023 02:04:51 UTC] PHP Warning:  Undefined array key "content" in /var/www/html/wp-content/themes/conexa/comporate.php on line 293
[15-Oct-2023 02:04:51 UTC] PHP Warning:  Undefined array key "photo" in /var/www/html/wp-content/themes/conexa/comporate.php on line 281
[15-Oct-2023 02:04:51 UTC] PHP Warning:  Undefined array key "name" in /var/www/html/wp-content/themes/conexa/comporate.php on line 285
[15-Oct-2023 02:04:51 UTC] PHP Warning:  Undefined array key "profession" in /var/www/html/wp-content/themes/conexa/comporate.php on line 286
[15-Oct-2023 02:04:51 UTC] PHP Warning:  Undefined array key "company" in /var/www/html/wp-content/themes/conexa/comporate.php on line 289
[15-Oct-2023 02:04:51 UTC] PHP Warning:  Undefined array key "content" in /var/www/html/wp-content/themes/conexa/comporate.php on line 293
[15-Oct-2023 02:04:51 UTC] PHP Warning:  Undefined array key "photo" in /var/www/html/wp-content/themes/conexa/comporate.php on line 281
[15-Oct-2023 02:04:51 UTC] PHP Warning:  Undefined array key "name" in /var/www/html/wp-content/themes/conexa/comporate.php on line 285
[15-Oct-2023 02:04:51 UTC] PHP Warning:  Undefined array key "profession" in /var/www/html/wp-content/themes/conexa/comporate.php on line 286
[15-Oct-2023 02:04:51 UTC] PHP Warning:  Undefined array key "company" in /var/www/html/wp-content/themes/conexa/comporate.php on line 289
[15-Oct-2023 02:04:51 UTC] PHP Warning:  Undefined array key "content" in /var/www/html/wp-content/themes/conexa/comporate.php on line 293
[15-Oct-2023 02:04:51 UTC] PHP Warning:  Undefined array key "photo" in /var/www/html/wp-content/themes/conexa/comporate.php on line 281
[15-Oct-2023 02:04:51 UTC] PHP Warning:  Undefined array key "name" in /var/www/html/wp-content/themes/conexa/comporate.php on line 285
[15-Oct-2023 02:04:51 UTC] PHP Warning:  Undefined array key "profession" in /var/www/html/wp-content/themes/conexa/comporate.php on line 286
[15-Oct-2023 02:04:51 UTC] PHP Warning:  Undefined array key "company" in /var/www/html/wp-content/themes/conexa/comporate.php on line 289
[15-Oct-2023 02:04:51 UTC] PHP Warning:  Undefined array key "content" in /var/www/html/wp-content/themes/conexa/comporate.php on line 293
[15-Oct-2023 02:04:51 UTC] PHP Warning:  Undefined array key "photo" in /var/www/html/wp-content/themes/conexa/comporate.php on line 281
[15-Oct-2023 02:04:51 UTC] PHP Warning:  Undefined array key "name" in /var/www/html/wp-content/themes/conexa/comporate.php on line 285
[15-Oct-2023 02:04:51 UTC] PHP Warning:  Undefined array key "profession" in /var/www/html/wp-content/themes/conexa/comporate.php on line 286
[15-Oct-2023 02:04:51 UTC] PHP Warning:  Undefined array key "company" in /var/www/html/wp-content/themes/conexa/comporate.php on line 289
[15-Oct-2023 02:04:51 UTC] PHP Warning:  Undefined array key "content" in /var/www/html/wp-content/themes/conexa/comporate.php on line 293
[15-Oct-2023 02:05:03 UTC] PHP Warning:  Undefined array key "photo" in /var/www/html/wp-content/themes/conexa/comporate.php on line 281
[15-Oct-2023 02:05:03 UTC] PHP Warning:  Undefined array key "name" in /var/www/html/wp-content/themes/conexa/comporate.php on line 285
[15-Oct-2023 02:05:03 UTC] PHP Warning:  Undefined array key "profession" in /var/www/html/wp-content/themes/conexa/comporate.php on line 286
[15-Oct-2023 02:05:03 UTC] PHP Warning:  Undefined array key "company" in /var/www/html/wp-content/themes/conexa/comporate.php on line 289
[15-Oct-2023 02:05:03 UTC] PHP Warning:  Undefined array key "content" in /var/www/html/wp-content/themes/conexa/comporate.php on line 293
[15-Oct-2023 02:05:03 UTC] PHP Warning:  Undefined array key "photo" in /var/www/html/wp-content/themes/conexa/comporate.php on line 281
[15-Oct-2023 02:05:03 UTC] PHP Warning:  Undefined array key "name" in /var/www/html/wp-content/themes/conexa/comporate.php on line 285
[15-Oct-2023 02:05:03 UTC] PHP Warning:  Undefined array key "profession" in /var/www/html/wp-content/themes/conexa/comporate.php on line 286
[15-Oct-2023 02:05:03 UTC] PHP Warning:  Undefined array key "company" in /var/www/html/wp-content/themes/conexa/comporate.php on line 289
[15-Oct-2023 02:05:03 UTC] PHP Warning:  Undefined array key "content" in /var/www/html/wp-content/themes/conexa/comporate.php on line 293
[15-Oct-2023 02:05:03 UTC] PHP Warning:  Undefined array key "photo" in /var/www/html/wp-content/themes/conexa/comporate.php on line 281
[15-Oct-2023 02:05:03 UTC] PHP Warning:  Undefined array key "name" in /var/www/html/wp-content/themes/conexa/comporate.php on line 285
[15-Oct-2023 02:05:03 UTC] PHP Warning:  Undefined array key "profession" in /var/www/html/wp-content/themes/conexa/comporate.php on line 286
[15-Oct-2023 02:05:03 UTC] PHP Warning:  Undefined array key "company" in /var/www/html/wp-content/themes/conexa/comporate.php on line 289
[15-Oct-2023 02:05:03 UTC] PHP Warning:  Undefined array key "content" in /var/www/html/wp-content/themes/conexa/comporate.php on line 293
[15-Oct-2023 02:05:03 UTC] PHP Warning:  Undefined array key "photo" in /var/www/html/wp-content/themes/conexa/comporate.php on line 281
[15-Oct-2023 02:05:03 UTC] PHP Warning:  Undefined array key "name" in /var/www/html/wp-content/themes/conexa/comporate.php on line 285
[15-Oct-2023 02:05:03 UTC] PHP Warning:  Undefined array key "profession" in /var/www/html/wp-content/themes/conexa/comporate.php on line 286
[15-Oct-2023 02:05:03 UTC] PHP Warning:  Undefined array key "company" in /var/www/html/wp-content/themes/conexa/comporate.php on line 289
[15-Oct-2023 02:05:03 UTC] PHP Warning:  Undefined array key "content" in /var/www/html/wp-content/themes/conexa/comporate.php on line 293
[15-Oct-2023 02:05:03 UTC] PHP Warning:  Undefined array key "photo" in /var/www/html/wp-content/themes/conexa/comporate.php on line 281
[15-Oct-2023 02:05:03 UTC] PHP Warning:  Undefined array key "name" in /var/www/html/wp-content/themes/conexa/comporate.php on line 285
[15-Oct-2023 02:05:03 UTC] PHP Warning:  Undefined array key "profession" in /var/www/html/wp-content/themes/conexa/comporate.php on line 286
[15-Oct-2023 02:05:03 UTC] PHP Warning:  Undefined array key "company" in /var/www/html/wp-content/themes/conexa/comporate.php on line 289
[15-Oct-2023 02:05:03 UTC] PHP Warning:  Undefined array key "content" in /var/www/html/wp-content/themes/conexa/comporate.php on line 293
[15-Oct-2023 02:05:15 UTC] PHP Warning:  Undefined array key "photo" in /var/www/html/wp-content/themes/conexa/comporate.php on line 281
[15-Oct-2023 02:05:15 UTC] PHP Warning:  Undefined array key "name" in /var/www/html/wp-content/themes/conexa/comporate.php on line 285
[15-Oct-2023 02:05:15 UTC] PHP Warning:  Undefined array key "profession" in /var/www/html/wp-content/themes/conexa/comporate.php on line 286
[15-Oct-2023 02:05:15 UTC] PHP Warning:  Undefined array key "company" in /var/www/html/wp-content/themes/conexa/comporate.php on line 289
[15-Oct-2023 02:05:15 UTC] PHP Warning:  Undefined array key "content" in /var/www/html/wp-content/themes/conexa/comporate.php on line 293
[15-Oct-2023 02:05:15 UTC] PHP Warning:  Undefined array key "photo" in /var/www/html/wp-content/themes/conexa/comporate.php on line 281
[15-Oct-2023 02:05:15 UTC] PHP Warning:  Undefined array key "name" in /var/www/html/wp-content/themes/conexa/comporate.php on line 285
[15-Oct-2023 02:05:15 UTC] PHP Warning:  Undefined array key "profession" in /var/www/html/wp-content/themes/conexa/comporate.php on line 286
[15-Oct-2023 02:05:15 UTC] PHP Warning:  Undefined array key "company" in /var/www/html/wp-content/themes/conexa/comporate.php on line 289
[15-Oct-2023 02:05:15 UTC] PHP Warning:  Undefined array key "content" in /var/www/html/wp-content/themes/conexa/comporate.php on line 293
[15-Oct-2023 02:05:15 UTC] PHP Warning:  Undefined array key "photo" in /var/www/html/wp-content/themes/conexa/comporate.php on line 281
[15-Oct-2023 02:05:15 UTC] PHP Warning:  Undefined array key "name" in /var/www/html/wp-content/themes/conexa/comporate.php on line 285
[15-Oct-2023 02:05:15 UTC] PHP Warning:  Undefined array key "profession" in /var/www/html/wp-content/themes/conexa/comporate.php on line 286
[15-Oct-2023 02:05:15 UTC] PHP Warning:  Undefined array key "company" in /var/www/html/wp-content/themes/conexa/comporate.php on line 289
[15-Oct-2023 02:05:15 UTC] PHP Warning:  Undefined array key "content" in /var/www/html/wp-content/themes/conexa/comporate.php on line 293
[15-Oct-2023 02:05:15 UTC] PHP Warning:  Undefined array key "photo" in /var/www/html/wp-content/themes/conexa/comporate.php on line 281
[15-Oct-2023 02:05:15 UTC] PHP Warning:  Undefined array key "name" in /var/www/html/wp-content/themes/conexa/comporate.php on line 285
[15-Oct-2023 02:05:15 UTC] PHP Warning:  Undefined array key "profession" in /var/www/html/wp-content/themes/conexa/comporate.php on line 286
[15-Oct-2023 02:05:15 UTC] PHP Warning:  Undefined array key "company" in /var/www/html/wp-content/themes/conexa/comporate.php on line 289
[15-Oct-2023 02:05:15 UTC] PHP Warning:  Undefined array key "content" in /var/www/html/wp-content/themes/conexa/comporate.php on line 293
[15-Oct-2023 02:05:15 UTC] PHP Warning:  Undefined array key "photo" in /var/www/html/wp-content/themes/conexa/comporate.php on line 281
[15-Oct-2023 02:05:15 UTC] PHP Warning:  Undefined array key "name" in /var/www/html/wp-content/themes/conexa/comporate.php on line 285
[15-Oct-2023 02:05:15 UTC] PHP Warning:  Undefined array key "profession" in /var/www/html/wp-content/themes/conexa/comporate.php on line 286
[15-Oct-2023 02:05:15 UTC] PHP Warning:  Undefined array key "company" in /var/www/html/wp-content/themes/conexa/comporate.php on line 289
[15-Oct-2023 02:05:15 UTC] PHP Warning:  Undefined array key "content" in /var/www/html/wp-content/themes/conexa/comporate.php on line 293
[15-Oct-2023 02:07:28 UTC] PHP Warning:  Undefined array key "photo" in /var/www/html/wp-content/themes/conexa/comporate.php on line 281
[15-Oct-2023 02:07:28 UTC] PHP Warning:  Undefined array key "name" in /var/www/html/wp-content/themes/conexa/comporate.php on line 285
[15-Oct-2023 02:07:28 UTC] PHP Warning:  Undefined array key "profession" in /var/www/html/wp-content/themes/conexa/comporate.php on line 286
[15-Oct-2023 02:07:28 UTC] PHP Warning:  Undefined array key "company" in /var/www/html/wp-content/themes/conexa/comporate.php on line 289
[15-Oct-2023 02:07:28 UTC] PHP Warning:  Undefined array key "content" in /var/www/html/wp-content/themes/conexa/comporate.php on line 293
[15-Oct-2023 02:07:28 UTC] PHP Warning:  Undefined array key "photo" in /var/www/html/wp-content/themes/conexa/comporate.php on line 281
[15-Oct-2023 02:07:28 UTC] PHP Warning:  Undefined array key "name" in /var/www/html/wp-content/themes/conexa/comporate.php on line 285
[15-Oct-2023 02:07:28 UTC] PHP Warning:  Undefined array key "profession" in /var/www/html/wp-content/themes/conexa/comporate.php on line 286
[15-Oct-2023 02:07:28 UTC] PHP Warning:  Undefined array key "company" in /var/www/html/wp-content/themes/conexa/comporate.php on line 289
[15-Oct-2023 02:07:28 UTC] PHP Warning:  Undefined array key "content" in /var/www/html/wp-content/themes/conexa/comporate.php on line 293
[15-Oct-2023 02:07:28 UTC] PHP Warning:  Undefined array key "photo" in /var/www/html/wp-content/themes/conexa/comporate.php on line 281
[15-Oct-2023 02:07:28 UTC] PHP Warning:  Undefined array key "name" in /var/www/html/wp-content/themes/conexa/comporate.php on line 285
[15-Oct-2023 02:07:28 UTC] PHP Warning:  Undefined array key "profession" in /var/www/html/wp-content/themes/conexa/comporate.php on line 286
[15-Oct-2023 02:07:28 UTC] PHP Warning:  Undefined array key "company" in /var/www/html/wp-content/themes/conexa/comporate.php on line 289
[15-Oct-2023 02:07:28 UTC] PHP Warning:  Undefined array key "content" in /var/www/html/wp-content/themes/conexa/comporate.php on line 293
[15-Oct-2023 02:07:28 UTC] PHP Warning:  Undefined array key "photo" in /var/www/html/wp-content/themes/conexa/comporate.php on line 281
[15-Oct-2023 02:07:28 UTC] PHP Warning:  Undefined array key "name" in /var/www/html/wp-content/themes/conexa/comporate.php on line 285
[15-Oct-2023 02:07:28 UTC] PHP Warning:  Undefined array key "profession" in /var/www/html/wp-content/themes/conexa/comporate.php on line 286
[15-Oct-2023 02:07:28 UTC] PHP Warning:  Undefined array key "company" in /var/www/html/wp-content/themes/conexa/comporate.php on line 289
[15-Oct-2023 02:07:28 UTC] PHP Warning:  Undefined array key "content" in /var/www/html/wp-content/themes/conexa/comporate.php on line 293
[15-Oct-2023 02:07:28 UTC] PHP Warning:  Undefined array key "photo" in /var/www/html/wp-content/themes/conexa/comporate.php on line 281
[15-Oct-2023 02:07:28 UTC] PHP Warning:  Undefined array key "name" in /var/www/html/wp-content/themes/conexa/comporate.php on line 285
[15-Oct-2023 02:07:28 UTC] PHP Warning:  Undefined array key "profession" in /var/www/html/wp-content/themes/conexa/comporate.php on line 286
[15-Oct-2023 02:07:28 UTC] PHP Warning:  Undefined array key "company" in /var/www/html/wp-content/themes/conexa/comporate.php on line 289
[15-Oct-2023 02:07:28 UTC] PHP Warning:  Undefined array key "content" in /var/www/html/wp-content/themes/conexa/comporate.php on line 293
[15-Oct-2023 02:19:22 UTC] PHP Warning:  Undefined array key "image" in /var/www/html/wp-content/themes/conexa/comporate.php on line 359
[15-Oct-2023 02:19:22 UTC] PHP Warning:  Undefined array key "image" in /var/www/html/wp-content/themes/conexa/comporate.php on line 359
[15-Oct-2023 02:19:22 UTC] PHP Warning:  Undefined array key "image" in /var/www/html/wp-content/themes/conexa/comporate.php on line 359
[15-Oct-2023 02:19:27 UTC] PHP Warning:  Undefined array key "image" in /var/www/html/wp-content/themes/conexa/comporate.php on line 359
[15-Oct-2023 02:19:27 UTC] PHP Warning:  Undefined array key "image" in /var/www/html/wp-content/themes/conexa/comporate.php on line 359
[15-Oct-2023 02:19:27 UTC] PHP Warning:  Undefined array key "image" in /var/www/html/wp-content/themes/conexa/comporate.php on line 359
[15-Oct-2023 02:19:49 UTC] PHP Warning:  Undefined array key "image" in /var/www/html/wp-content/themes/conexa/comporate.php on line 359
[15-Oct-2023 02:19:49 UTC] PHP Warning:  Undefined array key "image" in /var/www/html/wp-content/themes/conexa/comporate.php on line 359
[15-Oct-2023 02:19:49 UTC] PHP Warning:  Undefined array key "image" in /var/www/html/wp-content/themes/conexa/comporate.php on line 359
[15-Oct-2023 04:19:49 UTC] PHP Warning:  Array to string conversion in /var/www/html/wp-content/themes/conexa/comporate.php on line 382
[15-Oct-2023 06:24:51 UTC] PHP Warning:  foreach() argument must be of type array|object, null given in /var/www/html/wp-content/themes/conexa/operator.php on line 179
[15-Oct-2023 06:24:51 UTC] PHP Warning:  foreach() argument must be of type array|object, null given in /var/www/html/wp-content/themes/conexa/operator.php on line 220
[15-Oct-2023 06:24:51 UTC] PHP Warning:  foreach() argument must be of type array|object, null given in /var/www/html/wp-content/themes/conexa/operator.php on line 278
[15-Oct-2023 06:24:51 UTC] PHP Warning:  foreach() argument must be of type array|object, null given in /var/www/html/wp-content/themes/conexa/operator.php on line 358
[15-Oct-2023 06:24:51 UTC] PHP Warning:  foreach() argument must be of type array|object, null given in /var/www/html/wp-content/themes/conexa/operator.php on line 380
[15-Oct-2023 06:24:51 UTC] PHP Warning:  foreach() argument must be of type array|object, null given in /var/www/html/wp-content/themes/conexa/operator.php on line 476
[15-Oct-2023 06:24:51 UTC] PHP Warning:  foreach() argument must be of type array|object, null given in /var/www/html/wp-content/themes/conexa/operator.php on line 490
[15-Oct-2023 06:25:11 UTC] PHP Warning:  foreach() argument must be of type array|object, null given in /var/www/html/wp-content/themes/conexa/operator.php on line 179
[15-Oct-2023 06:25:11 UTC] PHP Warning:  foreach() argument must be of type array|object, null given in /var/www/html/wp-content/themes/conexa/operator.php on line 220
[15-Oct-2023 06:25:11 UTC] PHP Warning:  foreach() argument must be of type array|object, null given in /var/www/html/wp-content/themes/conexa/operator.php on line 278
[15-Oct-2023 06:25:11 UTC] PHP Warning:  foreach() argument must be of type array|object, null given in /var/www/html/wp-content/themes/conexa/operator.php on line 358
[15-Oct-2023 06:25:11 UTC] PHP Warning:  foreach() argument must be of type array|object, null given in /var/www/html/wp-content/themes/conexa/operator.php on line 380
[15-Oct-2023 06:25:11 UTC] PHP Warning:  foreach() argument must be of type array|object, null given in /var/www/html/wp-content/themes/conexa/operator.php on line 476
[15-Oct-2023 06:25:11 UTC] PHP Warning:  foreach() argument must be of type array|object, null given in /var/www/html/wp-content/themes/conexa/operator.php on line 490
[15-Oct-2023 06:25:19 UTC] PHP Warning:  foreach() argument must be of type array|object, null given in /var/www/html/wp-content/themes/conexa/operator.php on line 179
[15-Oct-2023 06:25:19 UTC] PHP Warning:  foreach() argument must be of type array|object, null given in /var/www/html/wp-content/themes/conexa/operator.php on line 220
[15-Oct-2023 06:25:19 UTC] PHP Warning:  foreach() argument must be of type array|object, null given in /var/www/html/wp-content/themes/conexa/operator.php on line 278
[15-Oct-2023 06:25:19 UTC] PHP Warning:  foreach() argument must be of type array|object, null given in /var/www/html/wp-content/themes/conexa/operator.php on line 358
[15-Oct-2023 06:25:19 UTC] PHP Warning:  foreach() argument must be of type array|object, null given in /var/www/html/wp-content/themes/conexa/operator.php on line 380
[15-Oct-2023 06:25:19 UTC] PHP Warning:  foreach() argument must be of type array|object, null given in /var/www/html/wp-content/themes/conexa/operator.php on line 476
[15-Oct-2023 06:25:19 UTC] PHP Warning:  foreach() argument must be of type array|object, null given in /var/www/html/wp-content/themes/conexa/operator.php on line 490
[15-Oct-2023 06:25:31 UTC] PHP Warning:  foreach() argument must be of type array|object, null given in /var/www/html/wp-content/themes/conexa/operator.php on line 179
[15-Oct-2023 06:25:31 UTC] PHP Warning:  foreach() argument must be of type array|object, null given in /var/www/html/wp-content/themes/conexa/operator.php on line 220
[15-Oct-2023 06:25:31 UTC] PHP Warning:  foreach() argument must be of type array|object, null given in /var/www/html/wp-content/themes/conexa/operator.php on line 278
[15-Oct-2023 06:25:31 UTC] PHP Warning:  foreach() argument must be of type array|object, null given in /var/www/html/wp-content/themes/conexa/operator.php on line 358
[15-Oct-2023 06:25:31 UTC] PHP Warning:  foreach() argument must be of type array|object, null given in /var/www/html/wp-content/themes/conexa/operator.php on line 380
[15-Oct-2023 06:25:31 UTC] PHP Warning:  foreach() argument must be of type array|object, null given in /var/www/html/wp-content/themes/conexa/operator.php on line 476
[15-Oct-2023 06:25:31 UTC] PHP Warning:  foreach() argument must be of type array|object, null given in /var/www/html/wp-content/themes/conexa/operator.php on line 490
[15-Oct-2023 06:25:39 UTC] PHP Warning:  foreach() argument must be of type array|object, null given in /var/www/html/wp-content/themes/conexa/operator.php on line 179
[15-Oct-2023 06:25:39 UTC] PHP Warning:  foreach() argument must be of type array|object, null given in /var/www/html/wp-content/themes/conexa/operator.php on line 220
[15-Oct-2023 06:25:39 UTC] PHP Warning:  foreach() argument must be of type array|object, null given in /var/www/html/wp-content/themes/conexa/operator.php on line 278
[15-Oct-2023 06:25:39 UTC] PHP Warning:  foreach() argument must be of type array|object, null given in /var/www/html/wp-content/themes/conexa/operator.php on line 358
[15-Oct-2023 06:25:39 UTC] PHP Warning:  foreach() argument must be of type array|object, null given in /var/www/html/wp-content/themes/conexa/operator.php on line 380
[15-Oct-2023 06:25:39 UTC] PHP Warning:  foreach() argument must be of type array|object, null given in /var/www/html/wp-content/themes/conexa/operator.php on line 476
[15-Oct-2023 06:25:39 UTC] PHP Warning:  foreach() argument must be of type array|object, null given in /var/www/html/wp-content/themes/conexa/operator.php on line 490
[15-Oct-2023 17:08:31 UTC] PHP Warning:  foreach() argument must be of type array|object, null given in /var/www/html/wp-content/themes/conexa/operator.php on line 179
[15-Oct-2023 17:08:31 UTC] PHP Warning:  foreach() argument must be of type array|object, null given in /var/www/html/wp-content/themes/conexa/operator.php on line 220
[15-Oct-2023 17:08:31 UTC] PHP Warning:  foreach() argument must be of type array|object, null given in /var/www/html/wp-content/themes/conexa/operator.php on line 278
[15-Oct-2023 17:08:31 UTC] PHP Warning:  foreach() argument must be of type array|object, null given in /var/www/html/wp-content/themes/conexa/operator.php on line 358
[15-Oct-2023 17:08:31 UTC] PHP Warning:  foreach() argument must be of type array|object, null given in /var/www/html/wp-content/themes/conexa/operator.php on line 380
[15-Oct-2023 17:08:31 UTC] PHP Warning:  foreach() argument must be of type array|object, null given in /var/www/html/wp-content/themes/conexa/operator.php on line 476
[15-Oct-2023 17:08:31 UTC] PHP Warning:  foreach() argument must be of type array|object, null given in /var/www/html/wp-content/themes/conexa/operator.php on line 490
[15-Oct-2023 17:14:40 UTC] PHP Warning:  foreach() argument must be of type array|object, null given in /var/www/html/wp-content/themes/conexa/operator.php on line 179
[15-Oct-2023 17:14:40 UTC] PHP Warning:  foreach() argument must be of type array|object, null given in /var/www/html/wp-content/themes/conexa/operator.php on line 220
[15-Oct-2023 17:14:40 UTC] PHP Warning:  foreach() argument must be of type array|object, null given in /var/www/html/wp-content/themes/conexa/operator.php on line 278
[15-Oct-2023 17:14:40 UTC] PHP Warning:  foreach() argument must be of type array|object, null given in /var/www/html/wp-content/themes/conexa/operator.php on line 358
[15-Oct-2023 17:14:40 UTC] PHP Warning:  foreach() argument must be of type array|object, null given in /var/www/html/wp-content/themes/conexa/operator.php on line 380
[15-Oct-2023 17:14:40 UTC] PHP Warning:  foreach() argument must be of type array|object, null given in /var/www/html/wp-content/themes/conexa/operator.php on line 476
[15-Oct-2023 17:14:40 UTC] PHP Warning:  foreach() argument must be of type array|object, null given in /var/www/html/wp-content/themes/conexa/operator.php on line 490
[15-Oct-2023 17:14:43 UTC] PHP Warning:  foreach() argument must be of type array|object, null given in /var/www/html/wp-content/themes/conexa/operator.php on line 179
[15-Oct-2023 17:14:43 UTC] PHP Warning:  foreach() argument must be of type array|object, null given in /var/www/html/wp-content/themes/conexa/operator.php on line 220
[15-Oct-2023 17:14:43 UTC] PHP Warning:  foreach() argument must be of type array|object, null given in /var/www/html/wp-content/themes/conexa/operator.php on line 278
[15-Oct-2023 17:14:43 UTC] PHP Warning:  foreach() argument must be of type array|object, null given in /var/www/html/wp-content/themes/conexa/operator.php on line 358
[15-Oct-2023 17:14:43 UTC] PHP Warning:  foreach() argument must be of type array|object, null given in /var/www/html/wp-content/themes/conexa/operator.php on line 380
[15-Oct-2023 17:14:43 UTC] PHP Warning:  foreach() argument must be of type array|object, null given in /var/www/html/wp-content/themes/conexa/operator.php on line 476
[15-Oct-2023 17:14:43 UTC] PHP Warning:  foreach() argument must be of type array|object, null given in /var/www/html/wp-content/themes/conexa/operator.php on line 490
[15-Oct-2023 17:14:50 UTC] PHP Warning:  foreach() argument must be of type array|object, null given in /var/www/html/wp-content/themes/conexa/operator.php on line 179
[15-Oct-2023 17:14:50 UTC] PHP Warning:  foreach() argument must be of type array|object, null given in /var/www/html/wp-content/themes/conexa/operator.php on line 220
[15-Oct-2023 17:14:50 UTC] PHP Warning:  foreach() argument must be of type array|object, null given in /var/www/html/wp-content/themes/conexa/operator.php on line 278
[15-Oct-2023 17:14:50 UTC] PHP Warning:  foreach() argument must be of type array|object, null given in /var/www/html/wp-content/themes/conexa/operator.php on line 358
[15-Oct-2023 17:14:50 UTC] PHP Warning:  foreach() argument must be of type array|object, null given in /var/www/html/wp-content/themes/conexa/operator.php on line 380
[15-Oct-2023 17:14:50 UTC] PHP Warning:  foreach() argument must be of type array|object, null given in /var/www/html/wp-content/themes/conexa/operator.php on line 476
[15-Oct-2023 17:14:50 UTC] PHP Warning:  foreach() argument must be of type array|object, null given in /var/www/html/wp-content/themes/conexa/operator.php on line 490
[15-Oct-2023 17:15:20 UTC] PHP Warning:  foreach() argument must be of type array|object, null given in /var/www/html/wp-content/themes/conexa/operator.php on line 179
[15-Oct-2023 17:15:20 UTC] PHP Warning:  foreach() argument must be of type array|object, null given in /var/www/html/wp-content/themes/conexa/operator.php on line 220
[15-Oct-2023 17:15:20 UTC] PHP Warning:  foreach() argument must be of type array|object, null given in /var/www/html/wp-content/themes/conexa/operator.php on line 278
[15-Oct-2023 17:15:20 UTC] PHP Warning:  foreach() argument must be of type array|object, null given in /var/www/html/wp-content/themes/conexa/operator.php on line 358
[15-Oct-2023 17:15:20 UTC] PHP Warning:  foreach() argument must be of type array|object, null given in /var/www/html/wp-content/themes/conexa/operator.php on line 380
[15-Oct-2023 17:15:20 UTC] PHP Warning:  foreach() argument must be of type array|object, null given in /var/www/html/wp-content/themes/conexa/operator.php on line 476
[15-Oct-2023 17:15:20 UTC] PHP Warning:  foreach() argument must be of type array|object, null given in /var/www/html/wp-content/themes/conexa/operator.php on line 490
[15-Oct-2023 17:25:43 UTC] PHP Warning:  foreach() argument must be of type array|object, bool given in /var/www/html/wp-content/themes/conexa/operator.php on line 380
[15-Oct-2023 17:26:33 UTC] PHP Warning:  foreach() argument must be of type array|object, bool given in /var/www/html/wp-content/themes/conexa/operator.php on line 379
[15-Oct-2023 17:27:53 UTC] PHP Warning:  foreach() argument must be of type array|object, bool given in /var/www/html/wp-content/themes/conexa/operator.php on line 379
[15-Oct-2023 17:28:40 UTC] PHP Warning:  foreach() argument must be of type array|object, bool given in /var/www/html/wp-content/themes/conexa/operator.php on line 379
[15-Oct-2023 17:28:47 UTC] PHP Warning:  foreach() argument must be of type array|object, bool given in /var/www/html/wp-content/themes/conexa/operator.php on line 379
[15-Oct-2023 17:29:46 UTC] PHP Warning:  foreach() argument must be of type array|object, bool given in /var/www/html/wp-content/themes/conexa/operator.php on line 379
[15-Oct-2023 18:01:56 UTC] PHP Warning:  Array to string conversion in /var/www/html/wp-content/themes/conexa/comporate.php on line 395
[15-Oct-2023 18:01:56 UTC] PHP Warning:  Array to string conversion in /var/www/html/wp-content/themes/conexa/comporate.php on line 395
[15-Oct-2023 18:02:09 UTC] PHP Warning:  Array to string conversion in /var/www/html/wp-content/themes/conexa/comporate.php on line 395
[15-Oct-2023 18:02:09 UTC] PHP Warning:  Array to string conversion in /var/www/html/wp-content/themes/conexa/comporate.php on line 395
[15-Oct-2023 18:02:39 UTC] PHP Warning:  Array to string conversion in /var/www/html/wp-content/themes/conexa/comporate.php on line 394
[15-Oct-2023 18:02:39 UTC] PHP Warning:  Array to string conversion in /var/www/html/wp-content/themes/conexa/comporate.php on line 396
[15-Oct-2023 18:02:39 UTC] PHP Warning:  Array to string conversion in /var/www/html/wp-content/themes/conexa/comporate.php on line 394
[15-Oct-2023 18:02:39 UTC] PHP Warning:  Array to string conversion in /var/www/html/wp-content/themes/conexa/comporate.php on line 396
[15-Oct-2023 18:02:51 UTC] PHP Warning:  Array to string conversion in /var/www/html/wp-content/themes/conexa/comporate.php on line 394
[15-Oct-2023 18:02:51 UTC] PHP Warning:  Array to string conversion in /var/www/html/wp-content/themes/conexa/comporate.php on line 396
[15-Oct-2023 18:02:51 UTC] PHP Warning:  Array to string conversion in /var/www/html/wp-content/themes/conexa/comporate.php on line 394
[15-Oct-2023 18:02:51 UTC] PHP Warning:  Array to string conversion in /var/www/html/wp-content/themes/conexa/comporate.php on line 396
[15-Oct-2023 18:03:12 UTC] PHP Warning:  Undefined variable $item in /var/www/html/wp-content/themes/conexa/comporate.php on line 394
[15-Oct-2023 18:03:31 UTC] PHP Warning:  Trying to access array offset on value of type null in /var/www/html/wp-content/themes/conexa/comporate.php on line 4
[15-Oct-2023 18:04:17 UTC] PHP Warning:  Array to string conversion in /var/www/html/wp-content/themes/conexa/comporate.php on line 395
[15-Oct-2023 18:04:17 UTC] PHP Warning:  Array to string conversion in /var/www/html/wp-content/themes/conexa/comporate.php on line 395
[15-Oct-2023 18:12:56 UTC] PHP Warning:  foreach() argument must be of type array|object, string given in /var/www/html/wp-content/themes/conexa/operator.php on line 301
[15-Oct-2023 18:14:57 UTC] PHP Warning:  Array to string conversion in /var/www/html/wp-content/themes/conexa/operator.php on line 302
[15-Oct-2023 18:14:57 UTC] PHP Warning:  Array to string conversion in /var/www/html/wp-content/themes/conexa/operator.php on line 302
[15-Oct-2023 18:14:57 UTC] PHP Warning:  Array to string conversion in /var/www/html/wp-content/themes/conexa/operator.php on line 302
